1675280309972	geckodriver	INFO	Listening on 127.0.0.1:51052
1675280676459	geckodriver	INFO	Listening on 127.0.0.1:59765
1675280679492	mozrunner::runner	INFO	Running command: "C:\\Program Files\\Mozilla Firefox\\firefox.exe" "--marionette" "--remote-debugging-port" "59766" "--remote-allow-hosts" "localhost" "-no-remote" "-profile" "C:\\Users\\justi\\AppData\\Local\\Temp\\rust_mozprofilemT1FXp"
1675280679902	Marionette	INFO	Marionette enabled
Dynamically enable window occlusion 0
1675280679907	Marionette	INFO	Listening on port 59775
Read port: 59775
WebDriver BiDi listening on ws://127.0.0.1:59766
1675280680040	RemoteAgent	WARN	TLS certificate errors will be ignored for this session
console.warn: SearchSettings: "get: No settings file exists, new profile?" (new NotFoundError("Could not open the file at C:\\Users\\justi\\AppData\\Local\\Temp\\rust_mozprofilemT1FXp\\search.json.mozlz4", (void 0)))
DevTools listening on ws://127.0.0.1:59766/devtools/browser/4c894346-d510-4253-be66-5aeba57c13c6
1675288519865	Marionette	INFO	Stopped listening on port 59775
Dynamically enable window occlusion 1
console.warn: TopSitesFeed: Failed to fetch data from Contile server: NetworkError when attempting to fetch resource.
!!! error running onStopped callback: TypeError: callback is not a function
\\Local\\Temp\\rust_mozprofilefREksm"
1675280685208	Marionette	INFO	Marionette enabled
Dynamically enable window occlusion 0
1675280685213	Marionette	INFO	Listening on port 59831
Read port: 59831
WebDriver BiDi listening on ws://127.0.0.1:59792
1675280685369	RemoteAgent	WARN	TLS certificate errors will be ignored for this session
console.warn: SearchSettings: "get: No settings file exists, new profile?" (new NotFoundError("Could not open the file at C:\\Users\\justi\\AppData\\Local\\Temp\\rust_mozprofilefREksm\\search.json.mozlz4", (void 0)))
DevTools listening on ws://127.0.0.1:59792/devtools/browser/e3b1c3f0-4e0e-45a5-ad15-4f841a2a919a
JavaScript error: resource:///actors/FormValidationChild.sys.mjs, line 178: TypeError: this._element is null
JavaScript error: https://media.ethicalads.io/media/client/v1.4.0/ethicalads.min.js, line 1: Error: No ad placements found.
console.warn: LoginRecipes: "Falling back to a synchronous message for: https://www.python.org."
1675280688151	Marionette	INFO	Stopped listening on port 59831
Dynamically enable window occlusion 1
JavaScript error: resource://services-settings/Utils.jsm, line 230: TypeError: NetworkError: Network request failed
1675280707334	geckodriver	INFO	Listening on 127.0.0.1:59882
1675280710377	mozrunner::runner	INFO	Running command: "C:\\Program Files\\Mozilla Firefox\\firefox.exe" "--marionette" "--remote-debugging-port" "59883" "--remote-allow-hosts" "localhost" "-no-remote" "-profile" "C:\\Users\\justi\\AppData\\Local\\Temp\\rust_mozprofilehqLO34"
1675280710801	Marionette	INFO	Marionette enabled
Dynamically enable window occlusion 0
1675280710806	Marionette	INFO	Listening on port 59892
Read port: 59892
WebDriver BiDi listening on ws://127.0.0.1:59883
1675280710945	RemoteAgent	WARN	TLS certificate errors will be ignored for this session
console.warn: SearchSettings: "get: No settings file exists, new profile?" (new NotFoundError("Could not open the file at C:\\Users\\justi\\AppData\\Local\\Temp\\rust_mozprofilehqLO34\\search.json.mozlz4", (void 0)))
DevTools listening on ws://127.0.0.1:59883/devtools/browser/85070586-5f65-4471-a620-824287fdcf3c
JavaScript error: https://media.ethicalads.io/media/client/v1.4.0/ethicalads.min.js, line 1: Error: No ad placements found.
JavaScript error: resource:///actors/FormValidationChild.sys.mjs, line 178: TypeError: this._element is null
console.warn: LoginRecipes: "Falling back to a synchronous message for: https://www.python.org."
1675280713424	Marionette	INFO	Stopped listening on port 59892
Dynamically enable window occlusion 1
[Parent 13400, IPC I/O Parent] WARNING: DuplicateHandle failed for handle 0 in TransferHandles: file /builds/worker/checkouts/gecko/ipc/chromium/src/chrome/common/ipc_channel_win.cc:777
JavaScript error: resource://services-settings/Utils.jsm, line 230: TypeError: NetworkError: Network request failed
1675280725288	geckodriver	INFO	Listening on 127.0.0.1:59943
1675280728357	mozrunner::runner	INFO	Running command: "C:\\Program Files\\Mozilla Firefox\\firefox.exe" "--marionette" "--remote-debugging-port" "59944" "--remote-allow-hosts" "localhost" "-no-remote" "-profile" "C:\\Users\\justi\\AppData\\Local\\Temp\\rust_mozprofile740r6b"
1675280728759	Marionette	INFO	Marionette enabled
Dynamically enable window occlusion 0
1675280728764	Marionette	INFO	Listening on port 59953
Read port: 59953
WebDriver BiDi listening on ws://127.0.0.1:59944
1675280728888	RemoteAgent	WARN	TLS certificate errors will be ignored for this session
console.warn: SearchSettings: "get: No settings file exists, new profile?" (new NotFoundError("Could not open the file at C:\\Users\\justi\\AppData\\Local\\Temp\\rust_mozprofile740r6b\\search.json.mozlz4", (void 0)))
DevTools listening on ws://127.0.0.1:59944/devtools/browser/6c7a9259-ccbb-4ff7-b196-9c8f10f62bf1
JavaScript error: https://media.ethicalads.io/media/client/v1.4.0/ethicalads.min.js, line 1: Error: No ad placements found.
JavaScript error: resource:///actors/FormValidationChild.sys.mjs, line 178: TypeError: this._element is null
console.warn: LoginRecipes: "Falling back to a synchronous message for: https://www.python.org."
1675280731209	Marionette	INFO	Stopped listening on port 59953
Dynamically enable window occlusion 1
JavaScript error: resource://services-settings/RemoteSettingsWorker.jsm, line 145: Error: Shutdown, aborting read-only worker requests.
1675286315479	geckodriver	INFO	Listening on 127.0.0.1:60259
1675286318524	mozrunner::runner	INFO	Running command: "C:\\Program Files\\Mozilla Firefox\\firefox.exe" "--marionette" "--remote-debugging-port" "60260" "--remote-allow-hosts" "localhost" "-no-remote" "-profile" "C:\\Users\\justi\\AppData\\Local\\Temp\\rust_mozprofile2mHOCI"
1675286318925	Marionette	INFO	Marionette enabled
Dynamically enable window occlusion 0
1675286318930	Marionette	INFO	Listening on port 60268
Read port: 60268
WebDriver BiDi listening on ws://127.0.0.1:60260
1675286319069	RemoteAgent	WARN	TLS certificate errors will be ignored for this session
console.warn: SearchSettings: "get: No settings file exists, new profile?" (new NotFoundError("Could not open the file at C:\\Users\\justi\\AppData\\Local\\Temp\\rust_mozprofile2mHOCI\\search.json.mozlz4", (void 0)))
DevTools listening on ws://127.0.0.1:60260/devtools/browser/808cc1af-310a-4c93-ac8f-ad4e318ca17c
1675286331298	Marionette	INFO	Stopped listening on port 60268
Dynamically enable window occlusion 1
console.warn: TopSitesFeed: Failed to fetch data from Contile server: NetworkError when attempting to fetch resource.
[Parent 10980, IPC I/O Parent] WARNING: DuplicateHandle failed for handle 0 in TransferHandles: file /builds/worker/checkouts/gecko/ipc/chromium/src/chrome/common/ipc_channel_win.cc:777
1675286637115	geckodriver	INFO	Listening on 127.0.0.1:60501
1675286640181	mozrunner::runner	INFO	Running command: "C:\\Program Files\\Mozilla Firefox\\firefox.exe" "--marionette" "--remote-debugging-port" "60502" "--remote-allow-hosts" "localhost" "-no-remote" "-profile" "C:\\Users\\justi\\AppData\\Local\\Temp\\rust_mozprofileO2ieGg"
1675286640586	Marionette	INFO	Marionette enabled
Dynamically enable window occlusion 0
1675286640591	Marionette	INFO	Listening on port 60511
Read port: 60511
WebDriver BiDi listening on ws://127.0.0.1:60502
1675286640728	RemoteAgent	WARN	TLS certificate errors will be ignored for this session
console.warn: SearchSettings: "get: No settings file exists, new profile?" (new NotFoundError("Could not open the file at C:\\Users\\justi\\AppData\\Local\\Temp\\rust_mozprofileO2ieGg\\search.json.mozlz4", (void 0)))
DevTools listening on ws://127.0.0.1:60502/devtools/browser/e46f77ce-06bd-4560-a7b6-a2466c07557b
console.warn: LoginRecipes: "Falling back to a synchronous message for: https://quod.lib.umich.edu."
console.warn: LoginRecipes: "Falling back to a synchronous message for: https://quod.lib.umich.edu."
console.warn: LoginRecipes: "Falling back to a synchronous message for: https://quod.lib.umich.edu."
1675287614340	Marionette	INFO	Stopped listening on port 60511
Dynamically enable window occlusion 1
[Parent 14360, IPC I/O Parent] WARNING: DuplicateHandle failed for handle 0 in TransferHandles: file /builds/worker/checkouts/gecko/ipc/chromium/src/chrome/common/ipc_channel_win.cc:777
console.warn: TopSitesFeed: Failed to fetch data from Contile server: NetworkError when attempting to fetch resource.
1675287620773	geckodriver	INFO	Listening on 127.0.0.1:61144
1675287623823	mozrunner::runner	INFO	Running command: "C:\\Program Files\\Mozilla Firefox\\firefox.exe" "--marionette" "--remote-debugging-port" "61145" "--remote-allow-hosts" "localhost" "-no-remote" "-profile" "C:\\Users\\justi\\AppData\\Local\\Temp\\rust_mozprofileU1Z2Af"
1675287624222	Marionette	INFO	Marionette enabled
Dynamically enable window occlusion 0
1675287624228	Marionette	INFO	Listening on port 61155
Read port: 61155
WebDriver BiDi listening on ws://127.0.0.1:61145
1675287624361	RemoteAgent	WARN	TLS certificate errors will be ignored for this session
console.warn: SearchSettings: "get: No settings file exists, new profile?" (new NotFoundError("Could not open the file at C:\\Users\\justi\\AppData\\Local\\Temp\\rust_mozprofileU1Z2Af\\search.json.mozlz4", (void 0)))
DevTools listening on ws://127.0.0.1:61145/devtools/browser/670af53c-b083-45ce-a0ea-36b3433f54ba
JavaScript error: https://media.ethicalads.io/media/client/v1.4.0/ethicalads.min.js, line 1: Error: No ad placements found.
JavaScript error: resource:///actors/FormValidationChild.sys.mjs, line 178: TypeError: this._element is null
console.warn: LoginRecipes: "Falling back to a synchronous message for: https://www.python.org."
1675287626987	Marionette	INFO	Stopped listening on port 61155
Dynamically enable window occlusion 1
JavaScript error: resource://services-settings/RemoteSettingsWorker.jsm, line 145: Error: Shutdown, aborting read-only worker requests.
1675287646240	geckodriver	INFO	Listening on 127.0.0.1:61223
1675287649281	mozrunner::runner	INFO	Running command: "C:\\Program Files\\Mozilla Firefox\\firefox.exe" "--marionette" "--remote-debugging-port" "61224" "--remote-allow-hosts" "localhost" "-no-remote" "-profile" "C:\\Users\\justi\\AppData\\Local\\Temp\\rust_mozprofilePtaKo4"
1675287649675	Marionette	INFO	Marionette enabled
Dynamically enable window occlusion 0
1675287649681	Marionette	INFO	Listening on port 61233
Read port: 61233
WebDriver BiDi listening on ws://127.0.0.1:61224
1675287649818	RemoteAgent	WARN	TLS certificate errors will be ignored for this session
console.warn: SearchSettings: "get: No settings file exists, new profile?" (new NotFoundError("Could not open the file at C:\\Users\\justi\\AppData\\Local\\Temp\\rust_mozprofilePtaKo4\\search.json.mozlz4", (void 0)))
DevTools listening on ws://127.0.0.1:61224/devtools/browser/47016d1e-1471-4755-a5e9-c13d4330c15e
console.warn: LoginRecipes: "Falling back to a synchronous message for: https://quod.lib.umich.edu."
1675288496453	Marionette	INFO	Stopped listening on port 61233
Dynamically enable window occlusion 1
1675288908043	geckodriver	INFO	Listening on 127.0.0.1:50016
1675288911124	mozrunner::runner	INFO	Running command: "C:\\Program Files\\Mozilla Firefox\\firefox.exe" "--marionette" "--remote-debugging-port" "50017" "--remote-allow-hosts" "localhost" "-no-remote" "-profile" "C:\\Users\\justi\\AppData\\Local\\Temp\\rust_mozprofileofvzkv"
1675288911772	Marionette	INFO	Marionette enabled
Dynamically enable window occlusion 0
1675288911780	Marionette	INFO	Listening on port 50026
Read port: 50026
WebDriver BiDi listening on ws://127.0.0.1:50017
1675288911937	RemoteAgent	WARN	TLS certificate errors will be ignored for this session
console.warn: SearchSettings: "get: No settings file exists, new profile?" (new NotFoundError("Could not open the file at C:\\Users\\justi\\AppData\\Local\\Temp\\rust_mozprofileofvzkv\\search.json.mozlz4", (void 0)))
DevTools listening on ws://127.0.0.1:50017/devtools/browser/5f63c0ee-85a9-44ff-b8a4-ef3811340658
JavaScript error: resource:///actors/FormValidationChild.sys.mjs, line 178: TypeError: this._element is null
JavaScript error: https://media.ethicalads.io/media/client/v1.4.0/ethicalads.min.js, line 1: Error: No ad placements found.
console.warn: LoginRecipes: "Falling back to a synchronous message for: https://www.python.org."
1675288914823	Marionette	INFO	Stopped listening on port 50026
Dynamically enable window occlusion 1
JavaScript error: resource://services-settings/Utils.jsm, line 230: TypeError: NetworkError: Network request failed
1675288925423	geckodriver	INFO	Listening on 127.0.0.1:50088
1675288928448	mozrunner::runner	INFO	Running command: "C:\\Program Files\\Mozilla Firefox\\firefox.exe" "--marionette" "--remote-debugging-port" "50089" "--remote-allow-hosts" "localhost" "-no-remote" "-profile" "C:\\Users\\justi\\AppData\\Local\\Temp\\rust_mozprofileXnLJTG"
1675288928891	Marionette	INFO	Marionette enabled
Dynamically enable window occlusion 0
1675288928898	Marionette	INFO	Listening on port 50096
WebDriver BiDi listening on ws://127.0.0.1:50089
Read port: 50096
1675288929173	RemoteAgent	WARN	TLS certificate errors will be ignored for this session
console.warn: SearchSettings: "get: No settings file exists, new profile?" (new NotFoundError("Could not open the file at C:\\Users\\justi\\AppData\\Local\\Temp\\rust_mozprofileXnLJTG\\search.json.mozlz4", (void 0)))
DevTools listening on ws://127.0.0.1:50089/devtools/browser/58427f81-cc64-489d-8f24-a7d4ca5e5f7d
console.warn: LoginRecipes: "Falling back to a synchronous message for: https://quod.lib.umich.edu."
1675288935761	Marionette	INFO	Stopped listening on port 50096
Dynamically enable window occlusion 1
1675288960082	geckodriver	INFO	Listening on 127.0.0.1:50175
1675288963125	mozrunner::runner	INFO	Running command: "C:\\Program Files\\Mozilla Firefox\\firefox.exe" "--marionette" "--remote-debugging-port" "50176" "--remote-allow-hosts" "localhost" "-no-remote" "-profile" "C:\\Users\\justi\\AppData\\Local\\Temp\\rust_mozprofile4DehII"
1675288963530	Marionette	INFO	Marionette enabled
Dynamically enable window occlusion 0
1675288963535	Marionette	INFO	Listening on port 50186
Read port: 50186
WebDriver BiDi listening on ws://127.0.0.1:50176
1675288963663	RemoteAgent	WARN	TLS certificate errors will be ignored for this session
console.warn: SearchSettings: "get: No settings file exists, new profile?" (new NotFoundError("Could not open the file at C:\\Users\\justi\\AppData\\Local\\Temp\\rust_mozprofile4DehII\\search.json.mozlz4", (void 0)))
DevTools listening on ws://127.0.0.1:50176/devtools/browser/3224d41f-31b1-4f1f-8298-65c5404aef56
console.warn: LoginRecipes: "Falling back to a synchronous message for: https://quod.lib.umich.edu."
console.warn: LoginRecipes: "Falling back to a synchronous message for: https://quod.lib.umich.edu."
1675289466486	Marionette	INFO	Stopped listening on port 50181675289468545	mozrunner::runner	INFO	Running command: "C:\\Program Files\\Mozilla Firefox\\firefox.exe" "--marionette" "--remote-debugging-port" "50389" "--remote-allow-hosts" "localhost" "-no-remote" "-profile" "C:\\Users\\justi\\AppData\\Local\\Temp\\rust_mozprofileER8JC5"
1675289468953	Marionette	INFO	Marionette enabled
Dynamically enable window occlusion 0
1675289468960	Marionette	INFO	Listening on port 50396
Read port: 50396
WebDriver BiDi listening on ws://127.0.0.1:50389
1675289469095	RemoteAgent	WARN	TLS certificate errors will be ignored for this session
console.warn: SearchSettings: "get: No settings file exists, new profile?" (new NotFoundError("Could not open the file at C:\\Users\\justi\\AppData\\Local\\Temp\\rust_mozprofileER8JC5\\search.json.mozlz4", (void 0)))
DevTools listening on ws://127.0.0.1:50389/devtools/browser/e9b69811-01a4-4245-b5b5-ebf78d5ef984
console.warn: LoginRecipes: "Falling back to a synchronous message for: https://quod.lib.umich.edu."
1675289705905	Marionette	INFO	Stopped listening on port 50396
Dynamically enable window occlusion 1
console.warn: TopSitesFeed: Failed to fetch data from Contile server: NetworkError when attempting to fetch resource.
e-allow-hosts" "localhost" "-no-remote" "-profile" "C:\\Users\\justi\\AppData\\Local\\Temp\\rust_mozprofile8KMNgE"
1675289705345	Marionette	INFO	Marionette enabled
Dynamically enable window occlusion 0
1675289705350	Marionette	INFO	Listening on port 50570
WebDriver BiDi listening on ws://127.0.0.1:50561
Read port: 50570
1675289705532	RemoteAgent	WARN	TLS certificate errors will be ignored for this session
console.warn: SearchSettings: "get: No settings file exists, new profile?" (new NotFoundError("Could not open the file at C:\\Users\\justi\\AppData\\Local\\Temp\\rust_mozprofile8KMNgE\\search.json.mozlz4", (void 0)))
DevTools listening on ws://127.0.0.1:50561/devtools/browser/f72eb81e-4bb2-437e-a667-b779bf30d9be
console.warn: LoginRecipes: "Falling back to a synchronous message for: https://quod.lib.umich.edu."
1675289719675	Marionette	INFO	Stopped listening on port 50570
Dynamically enable window occlusion 1
console.warn: TopSitesFeed: Failed to fetch data from Contile server: NetworkError when attempting to fetch resource.
1675289766023	geckodriver	INFO	Listening on 127.0.0.1:50647
1675289769056	mozrunner::runner	INFO	Running command: "C:\\Program Files\\Mozilla Firefox\\firefox.exe" "--marionette" "--remote-debugging-port" "50648" "--remote-allow-hosts" "localhost" "-no-remote" "-profile" "C:\\Users\\justi\\AppData\\Local\\Temp\\rust_mozprofileVea5sc"
1675289769453	Marionette	INFO	Marionette enabled
Dynamically enable window occlusion 0
1675289769458	Marionette	INFO	Listening on port 50657
Read port: 50657
WebDriver BiDi listening on ws://127.0.0.1:50648
1675289769589	RemoteAgent	WARN	TLS certificate errors will be ignored for this session
console.warn: SearchSettings: "get: No settings file exists, new profile?" (new NotFoundError("Could not open the file at C:\\Users\\justi\\AppData\\Local\\Temp\\rust_mozprofileVea5sc\\search.json.mozlz4", (void 0)))
DevTools listening on ws://127.0.0.1:50648/devtools/browser/da549db9-126e-4b3e-972a-13b24472f157
console.warn: LoginRecipes: "Falling back to a synchronous message for: https://quod.lib.umich.edu."
SourceActor threw an exception: [Exception... "Component returned failure code: 0x80470002 (NS_BASE_STREAM_CLOSED) [nsIInputStream.available]"  nsresult: "0x80470002 (NS_BASE_STREAM_CLOSED)"  location: "JS frame :: resource://devtools/shared/DevToolsUtils.js :: onResponse :: line 568"  data: no]
Stack: onResponse@resource://devtools/shared/DevToolsUtils.js:568:34
onStopRequest@resource://gre/modules/NetUtil.jsm:126:18
Line: 568, column: 0
console.error: ({})
JavaScript error: resource://devtools/shared/DevToolsUtils.js, line 568: NS_BASE_STREAM_CLOSED: Component returned failure code: 0x80470002 (NS_BASE_STREAM_CLOSED) [nsIInputStream.available]
SourceActor threw an exception: [Exception... "Component returned failure code: 0x80470002 (NS_BASE_STREAM_CLOSED) [nsIInputStream.available]"  nsresult: "0x80470002 (NS_BASE_STREAM_CLOSED)"  location: "JS frame :: resource://devtools/shared/DevToolsUtils.js :: onResponse :: line 568"  data: no]
Stack: onResponse@resource://devtools/shared/DevToolsUtils.js:568:34
onStopRequest@resource://gre/modules/NetUtil.jsm:126:18
Line: 568, column: 0
console.error: ({})
JavaScript error: resource://devtools/shared/DevToolsUtils.js, line 568: NS_BASE_STREAM_CLOSED: Component returned failure code: 0x80470002 (NS_BASE_STREAM_CLOSED) [nsIInputStream.available]
JavaScript error: , line 0: NotFoundError: No such JSWindowActor 'DevToolsFrame'
1675289803624	Marionette	INFO	Stopped listening on port 50657
Dynamically enable window occlusion 1
console.warn: TopSitesFeed: Failed to fetch data from Contile server: NetworkError when attempting to fetch resource.
1675290371931	geckodriver	INFO	Listening on 127.0.0.1:62380
1675290374975	mozrunner::runner	INFO	Running command: "C:\\Program Files\\Mozilla Firefox\\firefox.exe" "--marionette" "--remote-debugging-port" "62381" "--remote-allow-hosts" "localhost" "-no-remote" "-profile" "C:\\Users\\justi\\AppData\\Local\\Temp\\rust_mozprofileBaLLhd"
1675290375576	Marionette	INFO	Marionette enabled
Dynamically enable window occlusion 0
1675290375584	Marionette	INFO	Listening on port 62393
Read port: 62393
WebDriver BiDi listening on ws://127.0.0.1:62381
1675290375744	RemoteAgent	WARN	TLS certificate errors will be ignored for this session
console.warn: SearchSettings: "get: No settings file exists, new profile?" (new NotFoundError("Could not open the file at C:\\Users\\justi\\AppData\\Local\\Temp\\rust_mozprofileBaLLhd\\search.json.mozlz4", (void 0)))
DevTools listening on ws://127.0.0.1:62381/devtools/browser/2fc092ba-07e8-4c25-a468-f08166958040
console.warn: LoginRecipes: "Falling back to a synchronous message for: https://quod.lib.umich.edu."
1675301083390	geckodriver	INFO	Listening on 127.0.0.1:52100
1675301086454	mozrunner::runner	INFO	Running command: "C:\\Program Files\\Mozilla Firefox\\firefox.exe" "--marionette" "--remote-debugging-port" "52101" "--remote-allow-hosts" "localhost" "-no-remote" "-profile" "C:\\Users\\justi\\AppData\\Local\\Temp\\rust_mozprofile32xjBZ"
1675301086991	Marionette	INFO	Marionette enabled
Dynamically enable window occlusion 0
1675301086996	Marionette	INFO	Listening on port 52110
Read port: 52110
WebDriver BiDi listening on ws://127.0.0.1:52101
1675301087080	RemoteAgent	WARN	TLS certificate errors will be ignored for this session
console.warn: SearchSettings: "get: No settings file exists, new profile?" (new NotFoundError("Could not open the file at C:\\Users\\justi\\AppData\\Local\\Temp\\rust_mozprofile32xjBZ\\search.json.mozlz4", (void 0)))
DevTools listening on ws://127.0.0.1:52101/devtools/browser/b32f36d4-a4e6-4fce-b921-b77e700da959
console.warn: LoginRecipes: "Falling back to a synchronous message for: https://quod.lib.umich.edu."
[GFX1-]: RenderCompositorSWGL failed mapping default framebuffer, no dt
1675347780053	Marionette	INFO	Stopped listening on port 52110
Dynamically enable window occlusion 1
console.warn: TopSitesFeed: Failed to fetch data from Contile server: NetworkError when attempting to fetch resource.
Data\\Local\\Temp\\rust_mozprofileWqNAd7"
1675301274224	Marionette	INFO	Marionette enabled
Dynamically enable window occlusion 0
1675301274232	Marionette	INFO	Listening on port 52228
Read port: 52228
WebDriver BiDi listening on ws://127.0.0.1:52217
1675301274360	RemoteAgent	WARN	TLS certificate errors will be ignored for this session
console.warn: SearchSettings: "get: No settings file exists, new profile?" (new NotFoundError("Could not open the file at C:\\Users\\justi\\AppData\\Local\\Temp\\rust_mozprofileWqNAd7\\search.json.mozlz4", (void 0)))
DevTools listening on ws://127.0.0.1:52217/devtools/browser/6a1be99a-7517-434e-86c7-cd65780db95f
console.warn: LoginRecipes: "Falling back to a synchronous message for: https://quod.lib.umich.edu."
1675301282265	Marionette	INFO	Stopped listening on port 52228
Dynamically enable window occlusion 1
console.warn: TopSitesFeed: Failed to fetch data from Contile server: NetworkError when attempting to fetch resource.
1675301293158	geckodriver	INFO	Listening on 127.0.0.1:52308
1675301296217	mozrunner::runner	INFO	Running command: "C:\\Program Files\\Mozilla Firefox\\firefox.exe" "--marionette" "--remote-debugging-port" "52309" "--remote-allow-hosts" "localhost" "-no-remote" "-profile" "C:\\Users\\justi\\AppData\\Local\\Temp\\rust_mozprofileyPQrhk"
1675301296629	Marionette	INFO	Marionette enabled
Dynamically enable window occlusion 0
1675301296636	Marionette	INFO	Listening on port 52318
Read port: 52318
WebDriver BiDi listening on ws://127.0.0.1:52309
1675301296762	RemoteAgent	WARN	TLS certificate errors will be ignored for this session
console.warn: SearchSettings: "get: No settings file exists, new profile?" (new NotFoundError("Could not open the file at C:\\Users\\justi\\AppData\\Local\\Temp\\rust_mozprofileyPQrhk\\search.json.mozlz4", (void 0)))
DevTools listening on ws://127.0.0.1:52309/devtools/browser/669bd6c7-27af-4bed-96c8-984280a977e2
console.warn: LoginRecipes: "Falling back to a synchronous message for: https://quod.lib.umich.edu."
JavaScript error: , line 0: NotFoundError: Could not move source file(C:\Users\justi\AppData\Local\Temp\rust_mozprofileyPQrhk\bookmarkbackups\bookmarks-2023-02-01_11_QTOxuFhjX9Zaj4HK-P2nHA==.jsonlz4) because it does not exist
1675347826291	geckodriver	INFO	Listening on 127.0.0.1:58118
1675347829335	mozrunner::runner	INFO	Running command: "C:\\Program Files\\Mozilla Firefox\\firefox.exe" "--marionette" "--remote-debugging-port" "58119" "--remote-allow-hosts" "localhost" "-no-remote" "-profile" "C:\\Users\\justi\\AppData\\Local\\Temp\\rust_mozprofileAPreFp"
1675347829790	Marionette	INFO	Marionette enabled
Dynamically enable window occlusion 0
1675347829795	Marionette	INFO	Listening on port 58128
Read port: 58128
WebDriver BiDi listening on ws://127.0.0.1:58119
1675347829989	RemoteAgent	WARN	TLS certificate errors will be ignored for this session
console.warn: SearchSettings: "get: No settings file exists, new profile?" (new NotFoundError("Could not open the file at C:\\Users\\justi\\AppData\\Local\\Temp\\rust_mozprofileAPreFp\\search.json.mozlz4", (void 0)))
DevTools listening on ws://127.0.0.1:58119/devtools/browser/e5296556-af32-40f8-a034-3a8836bae8c6
console.warn: LoginRecipes: "Falling back to a synchronous message for: https://quod.lib.umich.edu."
1675348199975	Marionette	INFO	Stopped listening on port 58128
Dynamically enable window occlusion 1
console.warn: TopSitesFeed: Failed to fetch data from Contile server: NetworkError when attempting to fetch resource.
1675348926874	geckodriver	INFO	Listening on 127.0.0.1:50015
1675348929964	mozrunner::runner	INFO	Running command: "C:\\Program Files\\Mozilla Firefox\\firefox.exe" "--marionette" "--remote-debugging-port" "50016" "--remote-allow-hosts" "localhost" "-no-remote" "-profile" "C:\\Users\\justi\\AppData\\Local\\Temp\\rust_mozprofilepFH4vG"
1675348930514	Marionette	INFO	Marionette enabled
Dynamically enable window occlusion 0
1675348930519	Marionette	INFO	Listening on port 50024
WebDriver BiDi listening on ws://127.0.0.1:50016
Read port: 50024
1675348930787	RemoteAgent	WARN	TLS certificate errors will be ignored for this session
console.warn: SearchSettings: "get: No settings file exists, new profile?" (new NotFoundError("Could not open the file at C:\\Users\\justi\\AppData\\Local\\Temp\\rust_mozprofilepFH4vG\\search.json.mozlz4", (void 0)))
DevTools listening on ws://127.0.0.1:50016/devtools/browser/acbb875f-f873-4cbf-8831-006d41741985
console.warn: LoginRecipes: "Falling back to a synchronous message for: https://quod.lib.umich.edu."
SourceActor threw an exception: [Exception... "Component returned failure code: 0x80470002 (NS_BASE_STREAM_CLOSED) [nsIInputStream.available]"  nsresult: "0x80470002 (NS_BASE_STREAM_CLOSED)"  location: "JS frame :: resource://devtools/shared/DevToolsUtils.js :: onResponse :: line 568"  data: no]
Stack: onResponse@resource://devtools/shared/DevToolsUtils.js:568:34
onStopRequest@resource://gre/modules/NetUtil.jsm:126:18
Line: 568, column: 0
console.error: ({})
JavaScript error: resource://devtools/shared/DevToolsUtils.js, line 568: NS_BASE_STREAM_CLOSED: Component returned failure code: 0x80470002 (NS_BASE_STREAM_CLOSED) [nsIInputStream.available]
SourceActor threw an exception: [Exception... "Component returned failure code: 0x80470002 (NS_BASE_STREAM_CLOSED) [nsIInputStream.available]"  nsresult: "0x80470002 (NS_BASE_STREAM_CLOSED)"  location: "JS frame :: resource://devtools/shared/DevToolsUtils.js :: onResponse :: line 568"  data: no]
Stack: onResponse@resource://devtools/shared/DevToolsUtils.js:568:34
onStopRequest@resource://1675349581266	Marionette	INFO	Stopped listening on port 50142
Dynamically enable window occlusion 1
console.warn: TopSitesFeed: Failed to fetch data from Contile server: NetworkError when attempting to fetch resource.
SE_STREAM_CLOSED) [nsIInputStream.available]
console.error: (new TypeError("currentNode is null", "resource://devtools/client/inspector/shared/style-change-tracker.js", 66))
TypeError: currentNode is null: canMutationImpactCurrentStyles@resource://devtools/client/inspector/shared/style-change-tracker.js:66:20
onMutations@resource://devtools/client/inspector/shared/style-change-tracker.js:84:41
_emit@resource://devtools/shared/event-emitter.js:242:32
emit@resource://devtools/shared/event-emitter.js:186:18
emit@resource://devtools/shared/event-emitter.js:330:18
getMutations@resource://devtools/client/fronts/walker.js:313:10

console.error: (new TypeError("currentNode is null", "resource://devtools/client/inspector/shared/style-change-tracker.js", 66))
TypeError: currentNode is null: canMutationImpactCurrentStyles1675349673072	Marionette	INFO	Stopped listening on port 58143
Dynamically enable window occlusion 1
console.warn: TopSitesFeed: Failed to fetch data from Contile server: NetworkError when attempting to fetch resource.
emit@resource://devtools/shared/event-emitter.js:186:18
emit@resource://devtools/shared/event-emitter.js:330:18
getMutations@resource://devtools/client/fronts/walker.js:313:10

JavaScript error: resource://devtools/server/actors/resources/stylesheets.js, line 78: InvalidAccessError: CSSStyleSheet.cssRules getter: Can't access rules of still-loading style sheet
console.error: (new TypeError("lazy.AsyncShutdown.profileBeforeChange is undefined", "resource://services-settings/Database.jsm", 510))
JavaScript error: resource://gre/modules/AsyncShutdown.jsm, line 572: NotFoundError: No such JSWindowActor 'DevToolsFrame'
1675349667776	Marionette	INFO	Stopped listening on port 50024
Dynamically enable window occlusion 1
1675349676090	geckodriver	INFO	Listening on 127.0.0.1:58333
1675349679131	mozrunner::runner	INFO	Running command: "C:\\Program Files\\Mozilla Firefox\\firefox.exe" "--marionette" "--remote-debugging-port" "58334" "--remote-allow-hosts" "localhost" "-no-remote" "-profile" "C:\\Users\\justi\\AppData\\Local\\Temp\\rust_mozprofileowJzJo"
1675349679527	Marionette	INFO	Marionette enabled
Dynamically enable window occlusion 0
1675349679533	Marionette	INFO	Listening on port 58343
Read port: 58343
WebDriver BiDi listening on ws://127.0.0.1:58334
1675349679656	RemoteAgent	WARN	TLS certificate errors will be ignored for this session
console.warn: SearchSettings: "get: No settings file exists, new profile?" (new NotFoundError("Could not open the file at C:\\Users\\justi\\AppData\\Local\\Temp\\rust_mozprofileowJzJo\\search.json.mozlz4", (void 0)))
DevTools listening on ws://127.0.0.1:58334/devtools/browser/d1209d83-14dc-4eb7-92d4-0811a0bfcac4
console.warn: LoginRecipes: "Falling back to a synchronous message for: https://quod.lib.umich.edu."
1675349725358	Marionette	INFO	Stopped listening on port 58343
Dynamically enable window occlusion 1
console.warn: TopSitesFeed: Failed to fetch data from Contile server: NetworkError when attempting to fetch resource.
e-allow-hosts" "localhost" "-no-remote" "-profile" "C:\\Users\\justi\\AppData\\Local\\Temp\\rust_mozprofilel3XOTC"
1675349724276	Marionette	INFO	Marionette enabled
Dynamically enable window occlusion 0
1675349724282	Marionette	INFO	Listening on port 58437
Read port: 58437
WebDriver BiDi listening on ws://127.0.0.1:58427
1675349724425	RemoteAgent	WARN	TLS certificate errors will be ignored for this session
console.warn: SearchSettings: "get: No settings file exists, new profile?" (new NotFoundError("Could not open the file at C:\\Users\\justi\\AppData\\Local\\Temp\\rust_mozprofilel3XOTC\\search.json.mozlz4", (void 0)))
DevTools listening on ws://127.0.0.1:58427/devtools/browser/dce63f51-9fad-4a37-9ab7-a08e4de16b03
console.warn: LoginRecipes: "Falling back to a synchronous message for: https://quod.lib.umich.edu."
SourceActor threw an exception: [Exception... "Component returned failure code: 0x80470002 (NS_BASE_STREAM_CLOSED) [nsIInputStream.available]"  nsresult: "0x80470002 (NS_BASE_STREAM_CLOSED)"  location: "JS frame :: resource://devtools/shared/DevToolsUtils.js :: onResponse :: line 568"  data: no]
Stack: onResponse@resource://devtools/shared/DevToolsUtils.js:568:34
onStopRequest@resource://gre/modules/NetUtil.jsm:126:18
Line: 568, column: 0
console.error: ({})
SourceActor threw an exception: [Exception... "Component returned failure code: 0x80470002 (NS_BASE_STREAM_CLOSED) [nsIInputStream.available]"  nsresult: "0x80470002 (NS_BASE_STREAM_CLOSED)"  location: "JS frame :: resource://devtools/shared/DevToolsUtils.js :: onResponse :: line 568"  data: no]
Stack: onResponse@resource://devtools/shared/DevToolsUtils.js:568:34
onStopRequest@resource://gre/modules/NetUtil.jsm:126:18
Line: 568, column: 0
console.error: ({})
JavaScript error: resource://devtools/shared/DevToolsUtils.js, line 568: NS_BASE_STREAM_CLOSED: Component returned failure code: 0x80470002 (NS_BASE_STREAM_CLOSED) [nsIInputStream.available]
JavaScript error: resource://devtools/shared/DevToolsUtils.js, line 568: NS_BASE_STREAM_CLOSED: Component returned failure code: 0x80470002 (NS_BASE_STREAM_CLOSED) [nsIInputStream.available]
JavaScript error: resource://gre/modules/AsyncShutdown.jsm, line 572: NotFoundError: No such JSWindowActor 'DevToolsFrame'
1675349795954	Marionette	INFO	Stopped listening on port 58437
Dynamically enable window occlusion 1
ow-hosts" "localhost" "-no-remote" "-profile" "C:\\Users\\justi\\AppData\\Local\\Temp\\rust_mozprofilevAGWTi"
1675349794721	Marionette	INFO	Marionette enabled
Dynamically enable window occlusion 0
1675349794726	Marionette	INFO	Listening on port 58541
Read port: 58541
WebDriver BiDi listening on ws://127.0.0.1:58531
1675349794860	RemoteAgent	WARN	TLS certificate errors will be ignored for this session
console.warn: SearchSettings: "get: No settings file exists, new profile?" (new NotFoundError("Could not open the file at C:\\Users\\justi\\AppData\\Local\\Temp\\rust_mozprofilevAGWTi\\search.json.mozlz4", (void 0)))
DevTools listening on ws://127.0.0.1:58531/devtools/browser/1e9286d3-29a2-4202-a65a-f1162a51d223
console.warn: LoginRecipes: "Falling back to a synchronous message for: https://quod.lib.umich.edu."
SourceActor threw an exception: [Exception... "Component returned failure code: 0x80470002 (NS_BASE_STREAM_CLOSED) [nsIInputStream.available]"  nsresult: "0x80470002 (NS_BASE_STREAM_CLOSED)"  location: "JS frame :: resource://devtools/shared/DevToolsUtils.js :: onResponse :: line 568"  data: no]
Stack: onResponse@resource://devtools/shared/DevToolsUtils.js:568:34
onStopRequest@resource://gre/modules/NetUtil.jsm:126:18
Line: 568, column: 0
console.error: ({})
JavaScript error: resource://devtools/shared/DevToolsUtils.js, line 568: NS_BASE_STREAM_CLOSED: Component returned failure code: 0x80470002 (NS_BASE_STREAM_CLOSED) [nsIInputStream.available]
SourceActor threw an exception: [Exception... "Component returned failure code: 0x80470002 (NS_BASE_STREAM_CLOSED) [nsIInputStream.available]"  nsresult: "0x80470002 (NS_BASE_STREAM_CLOSED)"  location: "JS frame :: resource://devtools/shared/DevToolsUtils.js :: onResponse :: line 568"  data: no]
Stack: onResponse@resource://devtools/shared/DevToolsUtils.js:568:34
onStopRequest@resource://gre/modules/NetUtil.jsm:126:18
Line: 568, column: 0
console.error: ({})
JavaScript error: resource://devtools/shared/DevToolsUtils.js, line 568: NS_BASE_STREAM_CLOSED: Component returned failure code: 0x80470002 (NS_BASE_STREAM_CLOSED) [nsIInputStream.available]
JavaScript error: resource://gre/modules/AsyncShutdown.jsm, line 572: NotFoundError: No such JSWindowActor 'DevToolsFrame'
1675350556828	Marionette	INFO	Stopped listening on port 58541
Dynamically enable window occlusion 1
ow-hosts" "localhost" "-no-remote" "-profile" "C:\\Users\\justi\\AppData\\Local\\Temp\\rust_mozprofileyXvdU0"
1675349892223	Marionette	INFO	Marionette enabled
Dynamically enable window occlusion 0
1675349892229	Marionette	INFO	Listening on port 58654
Read port: 58654
WebDriver BiDi listening on ws://127.0.0.1:58645
1675349892351	RemoteAgent	WARN	TLS certificate errors will be ignored for this session
console.warn: SearchSettings: "get: No settings file exists, new profile?" (new NotFoundError("Could not open the file at C:\\Users\\justi\\AppData\\Local\\Temp\\rust_mozprofileyXvdU0\\search.json.mozlz4", (void 0)))
DevTools listening on ws://127.0.0.1:58645/devtools/browser/a640661b-921f-4368-ad1b-f8f02f5feec2
console.warn: LoginRecipes: "Falling back to a synchronous message for: https://quod.lib.umich.edu."
1675349903944	Marionette	INFO	Stopped listening on port 58654
Dynamically enable window occlusion 1
console.warn: TopSitesFeed: Failed to fetch data from Contile server: NetworkError when attempting to fetch resource.
1675349981183	geckodriver	INFO	Listening on 127.0.0.1:58795
1675349984238	mozrunner::runner	INFO	Running command: "C:\\Program Files\\Mozilla Firefox\\firefox.exe" "--marionette" "--remote-debugging-port" "58796" "--remote-allow-hosts" "localhost" "-no-remote" "-profile" "C:\\Users\\justi\\AppData\\Local\\Temp\\rust_mozprofileD5PmSG"
1675349984650	Marionette	INFO	Marionette enabled
Dynamically enable window occlusion 0
1675349984657	Marionette	INFO	Listening on port 58807
Read port: 58807
WebDriver BiDi listening on ws://127.0.0.1:58796
1675349984782	RemoteAgent	WARN	TLS certificate errors will be ignored for this session
console.warn: SearchSettings: "get: No settings file exists, new profile?" (new NotFoundError("Could not open the file at C:\\Users\\justi\\AppData\\Local\\Temp\\rust_mozprofileD5PmSG\\search.json.mozlz4", (void 0)))
DevTools listening on ws://127.0.0.1:58796/devtools/browser/917f047d-668c-4775-bd0a-4ffe2d1ba688
console.warn: LoginRecipes: "Falling back to a synchronous message for: https://quod.lib.umich.edu."
console.error: (new TypeError("lazy.AsyncShutdown.profileBeforeChange is undefined", "resource://services-settings/Database.jsm", 510))
